Release 9.2.04i Map J.40
Xilinx Mapping Report File for Design 'PIC24'

Design Information
------------------
Command Line   : C:\Xilinx92i\bin\nt\map.exe -ise
C:/Users/student_dcti/Desktop/PROIECT/Proiect_I/PIC24/PIC24.ise -intstyle ise -p
xa3s50-vqg100-4 -cm area -pr b -k 4 -c 100 -o PIC24_map.ncd PIC24.ngd PIC24.pcf 
Target Device  : xa3s50
Target Package : vqg100
Target Speed   : -4
Mapper Version : aspartan3 -- $Revision: 1.36 $
Mapped Date    : Tue Jan 06 02:59:15 2026

Design Summary
--------------
Number of errors:      0
Number of warnings:    7
Logic Utilization:
  Number of Slice Flip Flops:          18 out of   1,536    1%
  Number of 4 input LUTs:             255 out of   1,536   16%
Logic Distribution:
  Number of occupied Slices:                          185 out of     768   24%
    Number of Slices containing only related logic:     185 out of     185  100%
    Number of Slices containing unrelated logic:          0 out of     185    0%
      *See NOTES below for an explanation of the effects of unrelated logic
Total Number of 4 input LUTs:            340 out of   1,536   22%
  Number used as logic:                255
  Number used as a route-thru:           5
  Number used for Dual Port RAMs:       64
    (Two LUTs used per Dual Port RAM)
  Number used as 16x1 RAMs:             16
  Number of bonded IOBs:               53 out of      63   84%
    IOB Flip Flops:                    17
  Number of GCLKs:                     1 out of       8   12%

Total equivalent gate count for design:  8,335
Additional JTAG gate count for IOBs:  2,544
Peak Memory Usage:  184 MB
Total REAL time to MAP completion:  3 secs 
Total CPU time to MAP completion:   1 secs 

NOTES:

   Related logic is defined as being logic that shares connectivity - e.g. two
   LUTs are "related" if they share common inputs.  When assembling slices,
   Map gives priority to combine logic that is related.  Doing so results in
   the best timing performance.

   Unrelated logic shares no connectivity.  Map will only begin packing
   unrelated logic into a slice once 99% of the slices are occupied through
   related logic packing.

   Note that once logic distribution reaches the 99% level through related
   logic packing, this does not mean the device is completely utilized.
   Unrelated logic packing will then begin, continuing until all usable LUTs
   and FFs are occupied.  Depending on your timing budget, increased levels of
   unrelated logic packing may adversely affect the overall timing performance
   of your design.

Table of Contents
-----------------
Section 1 - Errors
Section 2 - Warnings
Section 3 - Informational
Section 4 - Removed Logic Summary
Section 5 - Removed Logic
Section 6 - IOB Properties
Section 7 - RPMs
Section 8 - Guide Report
Section 9 - Area Group and Partition Summary
Section 10 - Modular Design Summary
Section 11 - Timing Report
Section 12 - Configuration String Information
Section 13 - Control Set Information

Section 1 - Errors
------------------

Section 2 - Warnings
--------------------
WARNING:LIT:243 - Logical network inst_Mram_mem2/SPO has no load.
WARNING:LIT:395 - The above warning message base_net_load_rule is repeated 31
   more times for the following (max. 5 shown):
   inst_Mram_mem/SPO,
   inst_Mram_mem1/SPO,
   inst_Mram_mem3/SPO,
   inst_Mram_mem4/SPO,
   inst_Mram_mem7/SPO
   To see the details of these warning messages, please use the -detail switch.
WARNING:Pack:266 - The function generator inst_Mram_mem1 failed to merge with F5
   multiplexer U_ALU/ALUOP<2>_3_f5.  The function generator inst_Mram_mem1 is
   unable to be placed in the G position because the output signal doesn't match
   other symbols' use of the G signal.  The signal U_ALU/N251 already uses G. 
   The design will exhibit suboptimal timing.
WARNING:Pack:266 - The function generator inst_Mram_mem failed to merge with F5
   multiplexer U_ALU/Mmux_Ys_3_f5.  The function generator inst_Mram_mem is
   unable to be placed in the G position because the output signal doesn't match
   other symbols' use of the G signal.  The signal U_ALU/N0 already uses G.  The
   design will exhibit suboptimal timing.
WARNING:Pack:266 - The function generator inst_Mram_mem2 failed to merge with F5
   multiplexer U_ALU/ALUOP<2>_3_f5_0.  The function generator inst_Mram_mem2 is
   unable to be placed in the G position because the output signal doesn't match
   other symbols' use of the G signal.  The signal U_ALU/N281 already uses G. 
   The design will exhibit suboptimal timing.
WARNING:Pack:266 - The function generator inst_Mram_mem3 failed to merge with F5
   multiplexer U_ALU/ALUOP<2>_3_f5_1.  The function generator inst_Mram_mem3 is
   unable to be placed in the G position because the output signal doesn't match
   other symbols' use of the G signal.  The signal U_ALU/N311 already uses G. 
   The design will exhibit suboptimal timing.
WARNING:Pack:266 - The function generator inst_Mram_mem4 failed to merge with F5
   multiplexer U_ALU/ALUOP<2>_3_f5_2.  The function generator inst_Mram_mem4 is
   unable to be placed in the G position because the output signal doesn't match
   other symbols' use of the G signal.  The signal U_ALU/N341 already uses G. 
   The design will exhibit suboptimal timing.

Section 3 - Informational
-------------------------
INFO:MapLib:863 - The following Virtex BUFG(s) is/are being retargeted to
   Virtex2 BUFGMUX(s) with input tied to I0 and Select pin tied to constant 0:
   BUFGP symbol "Clk_BUFGP" (output signal=Clk_BUFGP)
INFO:LIT:244 - All of the single ended outputs in this design are using slew
   rate limited output drivers. The delay on speed critical single ended outputs
   can be dramatically reduced by designating them as fast outputs in the
   schematic.

Section 4 - Removed Logic Summary
---------------------------------
   2 block(s) optimized away

Section 5 - Removed Logic
-------------------------

Optimized Block(s):
TYPE 		BLOCK
GND 		XST_GND
VCC 		XST_VCC

To enable printing of redundant blocks removed and signals merged, set the
detailed map report option and rerun map.

Section 6 - IOB Properties
--------------------------

+------------------------------------------------------------------------------------------------------------------------+
| IOB Name                           | Type    | Direction | IO Standard | Drive    | Slew | Reg (s)  | Resistor | IOB   |
|                                    |         |           |             | Strength | Rate |          |          | Delay |
+------------------------------------------------------------------------------------------------------------------------+
| C_Flag                             | IOB     | OUTPUT    | LVCMOS25    | 12       | SLOW |          |          |       |
| Clk                                | IOB     | INPUT     | LVCMOS25    |          |      |          |          |       |
| INW0<0>                            | IOB     | INPUT     | LVCMOS25    |          |      |          |          |       |
| INW0<1>                            | IOB     | INPUT     | LVCMOS25    |          |      |          |          |       |
| INW0<2>                            | IOB     | INPUT     | LVCMOS25    |          |      |          |          |       |
| INW0<3>                            | IOB     | INPUT     | LVCMOS25    |          |      |          |          |       |
| INW0<4>                            | IOB     | INPUT     | LVCMOS25    |          |      |          |          |       |
| INW0<5>                            | IOB     | INPUT     | LVCMOS25    |          |      |          |          |       |
| INW0<6>                            | IOB     | INPUT     | LVCMOS25    |          |      |          |          |       |
| INW0<7>                            | IOB     | INPUT     | LVCMOS25    |          |      |          |          |       |
| INW0<8>                            | IOB     | INPUT     | LVCMOS25    |          |      |          |          |       |
| INW0<9>                            | IOB     | INPUT     | LVCMOS25    |          |      |          |          |       |
| INW0<10>                           | IOB     | INPUT     | LVCMOS25    |          |      |          |          |       |
| INW0<11>                           | IOB     | INPUT     | LVCMOS25    |          |      |          |          |       |
| INW0<12>                           | IOB     | INPUT     | LVCMOS25    |          |      |          |          |       |
| INW0<13>                           | IOB     | INPUT     | LVCMOS25    |          |      |          |          |       |
| INW0<14>                           | IOB     | INPUT     | LVCMOS25    |          |      |          |          |       |
| INW0<15>                           | IOB     | INPUT     | LVCMOS25    |          |      |          |          |       |
| INW1<0>                            | IOB     | INPUT     | LVCMOS25    |          |      |          |          |       |
| INW1<1>                            | IOB     | INPUT     | LVCMOS25    |          |      |          |          |       |
| INW1<2>                            | IOB     | INPUT     | LVCMOS25    |          |      |          |          |       |
| INW1<3>                            | IOB     | INPUT     | LVCMOS25    |          |      |          |          |       |
| INW1<4>                            | IOB     | INPUT     | LVCMOS25    |          |      |          |          |       |
| INW1<5>                            | IOB     | INPUT     | LVCMOS25    |          |      |          |          |       |
| INW1<6>                            | IOB     | INPUT     | LVCMOS25    |          |      |          |          |       |
| INW1<7>                            | IOB     | INPUT     | LVCMOS25    |          |      |          |          |       |
| INW1<8>                            | IOB     | INPUT     | LVCMOS25    |          |      |          |          |       |
| INW1<9>                            | IOB     | INPUT     | LVCMOS25    |          |      |          |          |       |
| INW1<10>                           | IOB     | INPUT     | LVCMOS25    |          |      |          |          |       |
| INW1<11>                           | IOB     | INPUT     | LVCMOS25    |          |      |          |          |       |
| INW1<12>                           | IOB     | INPUT     | LVCMOS25    |          |      |          |          |       |
| INW1<13>                           | IOB     | INPUT     | LVCMOS25    |          |      |          |          |       |
| INW1<14>                           | IOB     | INPUT     | LVCMOS25    |          |      |          |          |       |
| INW1<15>                           | IOB     | INPUT     | LVCMOS25    |          |      |          |          |       |
| N_Flag                             | IOB     | OUTPUT    | LVCMOS25    | 12       | SLOW |          |          |       |
| OUTW0<0>                           | IOB     | OUTPUT    | LVCMOS25    | 12       | SLOW | OFF1     |          |       |
| OUTW0<1>                           | IOB     | OUTPUT    | LVCMOS25    | 12       | SLOW | OFF1     |          |       |
| OUTW0<2>                           | IOB     | OUTPUT    | LVCMOS25    | 12       | SLOW | OFF1     |          |       |
| OUTW0<3>                           | IOB     | OUTPUT    | LVCMOS25    | 12       | SLOW | OFF1     |          |       |
| OUTW0<4>                           | IOB     | OUTPUT    | LVCMOS25    | 12       | SLOW | OFF1     |          |       |
| OUTW0<5>                           | IOB     | OUTPUT    | LVCMOS25    | 12       | SLOW | OFF1     |          |       |
| OUTW0<6>                           | IOB     | OUTPUT    | LVCMOS25    | 12       | SLOW | OFF1     |          |       |
| OUTW0<7>                           | IOB     | OUTPUT    | LVCMOS25    | 12       | SLOW | OFF1     |          |       |
| OUTW0<8>                           | IOB     | OUTPUT    | LVCMOS25    | 12       | SLOW | OFF1     |          |       |
| OUTW0<9>                           | IOB     | OUTPUT    | LVCMOS25    | 12       | SLOW | OFF1     |          |       |
| OUTW0<10>                          | IOB     | OUTPUT    | LVCMOS25    | 12       | SLOW | OFF1     |          |       |
| OUTW0<11>                          | IOB     | OUTPUT    | LVCMOS25    | 12       | SLOW | OFF1     |          |       |
| OUTW0<12>                          | IOB     | OUTPUT    | LVCMOS25    | 12       | SLOW | OFF1     |          |       |
| OUTW0<13>                          | IOB     | OUTPUT    | LVCMOS25    | 12       | SLOW | OFF1     |          |       |
| OUTW0<14>                          | IOB     | OUTPUT    | LVCMOS25    | 12       | SLOW | OFF1     |          |       |
| OUTW0<15>                          | IOB     | OUTPUT    | LVCMOS25    | 12       | SLOW | OFF1     |          |       |
| OV_Flag                            | IOB     | OUTPUT    | LVCMOS25    | 12       | SLOW | OFF1     |          |       |
| Z_Flag                             | IOB     | OUTPUT    | LVCMOS25    | 12       | SLOW |          |          |       |
+------------------------------------------------------------------------------------------------------------------------+

Section 7 - RPMs
----------------

Section 8 - Guide Report
------------------------
Guide not run on this design.

Section 9 - Area Group and Partition Summary
--------------------------------------------

Partition Implementation Status
-------------------------------

  No Partitions were found in this design.

-------------------------------

Area Group Information
----------------------

  No area groups were found in this design.


----------------------

Section 10 - Modular Design Summary
-----------------------------------
Modular Design not used for this design.

Section 11 - Timing Report
--------------------------
This design was not run using timing mode.

Section 12 - Configuration String Details
-----------------------------------------
Use the "-detail" map option to print out Configuration Strings

Section 13 - Control Set Information
------------------------------------
No control set information for this architecture.
